c:\users\kalana\desktop\final game\updated game\game\debug\vc140.pdb
c:\users\kalana\desktop\final game\updated game\game\debug\vc140.idb
c:\users\kalana\desktop\final game\updated game\game\debug\characterbase.obj
c:\users\kalana\desktop\final game\updated game\game\debug\game.obj
c:\users\kalana\desktop\final game\updated game\game\debug\ghost.obj
c:\users\kalana\desktop\final game\updated game\game\debug\ghostsbase.obj
c:\users\kalana\desktop\final game\updated game\game\debug\main.obj
c:\users\kalana\desktop\final game\updated game\game\debug\mainmenu.obj
c:\users\kalana\desktop\final game\updated game\game\debug\malecharacter.obj
c:\users\kalana\desktop\wsu\122\final game\updated game\game\debug\vc140.pdb
c:\users\kalana\desktop\wsu\122\final game\updated game\game\debug\vc140.idb
c:\users\kalana\desktop\wsu\122\final game\updated game\game\debug\characterbase.obj
c:\users\kalana\desktop\wsu\122\final game\updated game\game\debug\game.obj
c:\users\kalana\desktop\wsu\122\final game\updated game\game\debug\ghost.obj
c:\users\kalana\desktop\wsu\122\final game\updated game\game\debug\ghostsbase.obj
c:\users\kalana\desktop\wsu\122\final game\updated game\game\debug\main.obj
c:\users\kalana\desktop\wsu\122\final game\updated game\game\debug\mainmenu.obj
c:\users\kalana\desktop\wsu\122\final game\updated game\game\debug\malecharacter.obj
c:\users\kalana\desktop\final game\updated game\debug\game.ilk
c:\users\kalana\desktop\final game\updated game\debug\game.exe
c:\users\kalana\desktop\final game\updated game\debug\game.pdb
c:\users\kalana\desktop\wsu\122\final game\updated game\debug\game.ilk
c:\users\kalana\desktop\wsu\122\final game\updated game\debug\game.exe
c:\users\kalana\desktop\wsu\122\final game\updated game\debug\game.pdb
c:\users\kalana\desktop\wsu\122\final game\updated game\game\debug\game.obj.enc
c:\users\kalana\desktop\wsu\122\final game\updated game\game\debug\game.tlog\cl.command.1.tlog
c:\users\kalana\desktop\wsu\122\final game\updated game\game\debug\game.tlog\cl.read.1.tlog
c:\users\kalana\desktop\wsu\122\final game\updated game\game\debug\game.tlog\cl.write.1.tlog
c:\users\kalana\desktop\wsu\122\final game\updated game\game\debug\game.tlog\link.command.1.tlog
c:\users\kalana\desktop\wsu\122\final game\updated game\game\debug\game.tlog\link.read.1.tlog
c:\users\kalana\desktop\wsu\122\final game\updated game\game\debug\game.tlog\link.write.1.tlog
